1629360582665	geckodriver	INFO	Listening on 127.0.0.1:63558
1629361018643	geckodriver	INFO	Listening on 127.0.0.1:57945
1629361208668	geckodriver	INFO	Listening on 127.0.0.1:57994
1629361208692	mozrunner::runner	INFO	Running command: "/usr/bin/firefox" "--marionette" "-foreground" "-no-remote" "-profile" "/tmp/rust_mozprofileOLkW0o"
Error: no DISPLAY environment variable specified
1629361216301	geckodriver	INFO	Listening on 127.0.0.1:58006
1629361216317	mozrunner::runner	INFO	Running command: "/usr/bin/firefox" "--marionette" "-foreground" "-no-remote" "-profile" "/tmp/rust_mozprofileVULxgy"
Error: no DISPLAY environment variable specified
1629365192500	geckodriver	INFO	Listening on 127.0.0.1:60443
1629365276121	geckodriver	INFO	Listening on 127.0.0.1:60472
1629366218853	geckodriver	INFO	Listening on 127.0.0.1:49687
1629366377295	geckodriver	INFO	Listening on 127.0.0.1:60601
1629366384317	geckodriver	INFO	Listening on 127.0.0.1:60607
1629453807899	geckodriver	INFO	Listening on 127.0.0.1:58255
1630049837010	geckodriver	INFO	Listening on 127.0.0.1:51347
1630052594448	geckodriver	INFO	Listening on 127.0.0.1:57130
1630052595473	mozrunner::runner	INFO	Running command: "/usr/bin/firefox" "--marionette" "--headless" "-foreground" "-no-remote" "-profile" "/tmp/rust_mozprofileaFY9lQ"
*** You are running in headless mode.
[GFX1-]: No GPUs detected via PCI
[GFX1-]: glxtest: process failed (received signal 11)
1630052597556	Marionette	INFO	Marionette enabled
[GFX1-]: RenderCompositorSWGL failed mapping default framebuffer, no dt
console.warn: SearchSettings: "get: No settings file exists, new profile?" (new NotFoundError("Could not open the file at /tmp/rust_mozprofileaFY9lQ/search.json.mozlz4", (void 0)))
1630052602241	Marionette	INFO	Listening on port 57136
1630052602311	RemoteAgent	WARN	TLS certificate errors will be ignored for this session
JavaScript warning: https://www.googletagmanager.com/gtm.js?id=GTM-KDVGCQ, line 214: unreachable code after return statement
JavaScript warning: https://www.googletagmanager.com/gtm.js?id=GTM-KDVGCQ, line 214: unreachable code after return statement
JavaScript warning: https://www.googletagmanager.com/gtm.js?id=GTM-KDVGCQ, line 214: unreachable code after return statement
JavaScript warning: https://www.googletagmanager.com/gtm.js?id=GTM-KDVGCQ, line 214: unreachable code after return statement
JavaScript warning: https://www.googletagmanager.com/gtm.js?id=GTM-KDVGCQ, line 214: unreachable code after return statement
JavaScript warning: https://www.googletagmanager.com/gtm.js?id=GTM-KDVGCQ, line 214: unreachable code after return statement
JavaScript warning: https://www.googletagmanager.com/gtm.js?id=GTM-KDVGCQ, line 214: unreachable code after return statement
JavaScript error: https://tools.mandarake.co.jp/tools/js/mdk-other-item-list.js?d=210120, line 49: uncaught exception: XMLHttpRequest status: 0
JavaScript warning: https://www.googletagmanager.com/gtm.js?id=GTM-KDVGCQ, line 214: unreachable code after return statement
1630052639849	Marionette	INFO	Stopped listening on port 57136
JavaScript error: resource:///modules/Interactions.jsm, line 209: NS_ERROR_FAILURE: Component returned failure code: 0x80004005 (NS_ERROR_FAILURE) [nsIUserIdleService.removeIdleObserver]

###!!! [Parent][RunMessage] Error: Channel closing: too late to send/recv, messages will be lost

1630052747159	geckodriver	INFO	Listening on 127.0.0.1:57749
1630052747174	mozrunner::runner	INFO	Running command: "/usr/bin/firefox" "--marionette" "--headless" "-foreground" "-no-remote" "-profile" "/tmp/rust_mozprofiley9V22P"
*** You are running in headless mode.
[GFX1-]: No GPUs detected via PCI
[GFX1-]: glxtest: process failed (received signal 11)
1630052748797	Marionette	INFO	Marionette enabled
[GFX1-]: RenderCompositorSWGL failed mapping default framebuffer, no dt
console.warn: SearchSettings: "get: No settings file exists, new profile?" (new NotFoundError("Could not open the file at /tmp/rust_mozprofiley9V22P/search.json.mozlz4", (void 0)))
1630052754347	Marionette	INFO	Listening on port 57754
1630052754391	RemoteAgent	WARN	TLS certificate errors will be ignored for this session
JavaScript warning: https://www.googletagmanager.com/gtm.js?id=GTM-KDVGCQ, line 214: unreachable code after return statement
JavaScript warning: https://www.googletagmanager.com/gtm.js?id=GTM-KDVGCQ, line 214: unreachable code after return statement
JavaScript error: https://tools.mandarake.co.jp/reco/aix/assets/js/mdk-reco-aix-v1.2.0.js?d=210821&t=1231, line 53: uncaught exception: Failed to request for recommend.
JavaScript error: https://tools.mandarake.co.jp/tools/js/mdk-other-item-list.js?d=210120, line 49: uncaught exception: XMLHttpRequest status: 0
JavaScript warning: https://www.googletagmanager.com/gtm.js?id=GTM-KDVGCQ, line 214: unreachable code after return statement
JavaScript warning: https://www.googletagmanager.com/gtm.js?id=GTM-KDVGCQ, line 214: unreachable code after return statement
JavaScript error: https://tools.mandarake.co.jp/tools/js/mdk-other-item-list.js?d=210120, line 49: uncaught exception: XMLHttpRequest status: 0
JavaScript error: https://tools.mandarake.co.jp/reco/aix/assets/js/mdk-reco-aix-v1.2.0.js?d=210821&t=1231, line 53: uncaught exception: Failed to request for recommend.
JavaScript warning: https://www.googletagmanager.com/gtm.js?id=GTM-KDVGCQ, line 214: unreachable code after return statement
JavaScript error: https://tools.mandarake.co.jp/reco/aix/assets/js/mdk-reco-aix-v1.2.0.js?d=210821&t=1231, line 53: uncaught exception: Failed to request for recommend.
JavaScript warning: https://www.googletagmanager.com/gtm.js?id=GTM-KDVGCQ, line 214: unreachable code after return statement
JavaScript warning: https://www.googletagmanager.com/gtm.js?id=GTM-KDVGCQ, line 214: unreachable code after return statement
JavaScript warning: https://www.googletagmanager.com/gtm.js?id=GTM-KDVGCQ, line 214: unreachable code after return statement
1630052785533	Marionette	INFO	Stopped listening on port 57754
JavaScript error: resource:///modules/Interactions.jsm, line 209: NS_ERROR_FAILURE: Component returned failure code: 0x80004005 (NS_ERROR_FAILURE) [nsIUserIdleService.removeIdleObserver]

###!!! [Parent][MessageChannel] Error: (msgtype=0x390076,name=PContent::Msg_DestroyBrowsingContextGroup) Closed channel: cannot send/recv


###!!! [Parent][RunMessage] Error: Channel error: cannot send/recv


###!!! [Parent][RunMessage] Error: Channel error: cannot send/recv


###!!! [Parent][RunMessage] Error: Channel error: cannot send/recv


###!!! [Parent][RunMessage] Error: Channel error: cannot send/recv


###!!! [Parent][RunMessage] Error: Channel error: cannot send/recv


###!!! [Parent][RunMessage] Error: Channel error: cannot send/recv


###!!! [Parent][RunMessage] Error: Channel error: cannot send/recv


###!!! [Parent][RunMessage] Error: Channel error: cannot send/recv


###!!! [Parent][RunMessage] Error: Channel error: cannot send/recv


###!!! [Parent][RunMessage] Error: Channel error: cannot send/recv


###!!! [Parent][RunMessage] Error: Channel error: cannot send/recv


###!!! [Parent][RunMessage] Error: Channel error: cannot send/recv


###!!! [Parent][RunMessage] Error: Channel error: cannot send/recv


###!!! [Parent][RunMessage] Error: Channel error: cannot send/recv


###!!! [Parent][RunMessage] Error: Channel error: cannot send/recv


###!!! [Parent][RunMessage] Error: Channel error: cannot send/recv


###!!! [Parent][RunMessage] Error: Channel error: cannot send/recv


###!!! [Parent][RunMessage] Error: Channel error: cannot send/recv


###!!! [Parent][RunMessage] Error: Channel error: cannot send/recv


###!!! [Parent][RunMessage] Error: Channel error: cannot send/recv


###!!! [Parent][RunMessage] Error: Channel error: cannot send/recv


###!!! [Parent][RunMessage] Error: Channel error: cannot send/recv


###!!! [Parent][RunMessage] Error: Channel error: cannot send/recv


###!!! [Parent][RunMessage] Error: Channel error: cannot send/recv


###!!! [Parent][RunMessage] Error: Channel error: cannot send/recv


###!!! [Parent][RunMessage] Error: Channel error: cannot send/recv


###!!! [Parent][RunMessage] Error: Channel error: cannot send/recv


###!!! [Parent][RunMessage] Error: Channel error: cannot send/recv

1630053506371	geckodriver	INFO	Listening on 127.0.0.1:62960
1630053506421	mozrunner::runner	INFO	Running command: "/usr/bin/firefox" "--marionette" "--headless" "-foreground" "-no-remote" "-profile" "/tmp/rust_mozprofilesWULMc"
*** You are running in headless mode.
[GFX1-]: No GPUs detected via PCI
[GFX1-]: glxtest: process failed (received signal 11)
1630053508057	Marionette	INFO	Marionette enabled
[GFX1-]: RenderCompositorSWGL failed mapping default framebuffer, no dt
console.warn: SearchSettings: "get: No settings file exists, new profile?" (new NotFoundError("Could not open the file at /tmp/rust_mozprofilesWULMc/search.json.mozlz4", (void 0)))
1630053514372	Marionette	INFO	Listening on port 62965
1630053514455	RemoteAgent	WARN	TLS certificate errors will be ignored for this session
JavaScript warning: https://www.googletagmanager.com/gtm.js?id=GTM-KDVGCQ, line 214: unreachable code after return statement
JavaScript warning: https://www.googletagmanager.com/gtm.js?id=GTM-KDVGCQ, line 214: unreachable code after return statement
1630053723556	geckodriver	INFO	Listening on 127.0.0.1:63142
1630053723629	mozrunner::runner	INFO	Running command: "/usr/bin/firefox" "--marionette" "--headless" "-foreground" "-no-remote" "-profile" "/tmp/rust_mozprofileoJXd5N"
*** You are running in headless mode.
[GFX1-]: No GPUs detected via PCI
[GFX1-]: glxtest: process failed (received signal 11)
1630053729611	Marionette	INFO	Marionette enabled
1630053738830	geckodriver	INFO	Listening on 127.0.0.1:63219
1630053738874	mozrunner::runner	INFO	Running command: "/usr/bin/firefox" "--marionette" "--headless" "-foreground" "-no-remote" "-profile" "/tmp/rust_mozprofileFxM0n7"
*** You are running in headless mode.
[GFX1-]: No GPUs detected via PCI
[GFX1-]: glxtest: process failed (received signal 11)
1630053742622	Marionette	INFO	Marionette enabled
[GFX1-]: RenderCompositorSWGL failed mapping default framebuffer, no dt
console.warn: SearchSettings: "get: No settings file exists, new profile?" (new NotFoundError("Could not open the file at /tmp/rust_mozprofileFxM0n7/search.json.mozlz4", (void 0)))
1630053753260	geckodriver	INFO	Listening on 127.0.0.1:63303
1630053753301	mozrunner::runner	INFO	Running command: "/usr/bin/firefox" "--marionette" "--headless" "-foreground" "-no-remote" "-profile" "/tmp/rust_mozprofile81uSL4"
*** You are running in headless mode.
[GFX1-]: No GPUs detected via PCI
[GFX1-]: glxtest: process failed (received signal 11)
1630053759283	Marionette	INFO	Marionette enabled
[GFX1-]: RenderCompositorSWGL failed mapping default framebuffer, no dt
console.warn: SearchSettings: "get: No settings file exists, new profile?" (new NotFoundError("Could not open the file at /tmp/rust_mozprofile81uSL4/search.json.mozlz4", (void 0)))
1630053761864	Marionette	INFO	Listening on port 63308
1630053761924	RemoteAgent	WARN	TLS certificate errors will be ignored for this session
JavaScript warning: https://www.googletagmanager.com/gtm.js?id=GTM-KDVGCQ, line 214: unreachable code after return statement
JavaScript warning: https://www.googletagmanager.com/gtm.js?id=GTM-KDVGCQ, line 214: unreachable code after return statement
Exiting due to channel error.

###!!! [Parent][MessageChannel] Error: (msgtype=0x5B0013,name=PHttpChannel::Msg_DeleteSelf) Channel error: cannot send/recv


###!!! [Parent][RunMessage] Error: Channel error: cannot send/recv


###!!! [Parent][RunMessage] Error: Channel error: cannot send/recv

[Parent 6486, Compositor] WARNING: FileDescriptorSet destroyed with unconsumed descriptors: file /build/firefox-aGkJlf/firefox-91.0.2+build1/ipc/chromium/src/chrome/common/file_descriptor_set_posix.cc:19

###!!! [Parent][MessageChannel] Error: (msgtype=0x5B0013,name=PHttpChannel::Msg_DeleteSelf) Channel error: cannot send/recv


###!!! [Parent][MessageChannel] Error: (msgtype=0x5B0013,name=PHttpChannel::Msg_DeleteSelf) Channel error: cannot send/recv


###!!! [Parent][MessageChannel] Error: (msgtype=0x5B0013,name=PHttpChannel::Msg_DeleteSelf) Channel error: cannot send/recv


###!!! [Parent][MessageChannel] Error: (msgtype=0x5B0013,name=PHttpChannel::Msg_DeleteSelf) Channel error: cannot send/recv

A content process crashed and MOZ_CRASHREPORTER_SHUTDOWN is set, shutting down
1630053764998	Marionette	INFO	Stopped listening on port 63308
JavaScript error: resource:///modules/Interactions.jsm, line 209: NS_ERROR_FAILURE: Component returned failure code: 0x80004005 (NS_ERROR_FAILURE) [nsIUserIdleService.removeIdleObserver]
1630053775822	geckodriver	INFO	Listening on 127.0.0.1:63462
1630053775881	mozrunner::runner	INFO	Running command: "/usr/bin/firefox" "--marionette" "--headless" "-foreground" "-no-remote" "-profile" "/tmp/rust_mozprofile0MzkKf"
*** You are running in headless mode.
[GFX1-]: No GPUs detected via PCI
[GFX1-]: glxtest: process failed (received signal 11)
1630053780229	Marionette	INFO	Marionette enabled
[GFX1-]: RenderCompositorSWGL failed mapping default framebuffer, no dt
console.warn: SearchSettings: "get: No settings file exists, new profile?" (new NotFoundError("Could not open the file at /tmp/rust_mozprofile0MzkKf/search.json.mozlz4", (void 0)))
1630053786156	Marionette	INFO	Listening on port 63467
1630053786228	RemoteAgent	WARN	TLS certificate errors will be ignored for this session
JavaScript warning: https://www.googletagmanager.com/gtm.js?id=GTM-KDVGCQ, line 214: unreachable code after return statement
Exiting due to channel error.

###!!! [Parent][RunMessage] Error: Channel error: cannot send/recv


###!!! [Parent][RunMessage] Error: Channel error: cannot send/recv

[Parent 6889, Compositor] WARNING: FileDescriptorSet destroyed with unconsumed descriptors: file /build/firefox-aGkJlf/firefox-91.0.2+build1/ipc/chromium/src/chrome/common/file_descriptor_set_posix.cc:19
A content process crashed and MOZ_CRASHREPORTER_SHUTDOWN is set, shutting down
1630053792091	Marionette	INFO	Stopped listening on port 63467
JavaScript error: resource:///modules/Interactions.jsm, line 209: NS_ERROR_FAILURE: Component returned failure code: 0x80004005 (NS_ERROR_FAILURE) [nsIUserIdleService.removeIdleObserver]
console.log: WebExtensions: reset-default-search: starting.
console.log: WebExtensions: reset-default-search: No addons in our list are installed.
1630054042162	geckodriver	INFO	Listening on 127.0.0.1:64236
1630054042189	mozrunner::runner	INFO	Running command: "/usr/bin/firefox" "--marionette" "--headless" "-foreground" "-no-remote" "-profile" "/tmp/rust_mozprofileHypjTO"
*** You are running in headless mode.
[GFX1-]: No GPUs detected via PCI
[GFX1-]: glxtest: process failed (received signal 11)
1630054044658	Marionette	INFO	Marionette enabled
1630054051670	geckodriver	INFO	Listening on 127.0.0.1:64280
1630054051719	mozrunner::runner	INFO	Running command: "/usr/bin/firefox" "--marionette" "--headless" "-foreground" "-no-remote" "-profile" "/tmp/rust_mozprofiletnRLP7"
*** You are running in headless mode.
[GFX1-]: No GPUs detected via PCI
[GFX1-]: glxtest: process failed (received signal 11)
1630054059102	Marionette	INFO	Marionette enabled
[GFX1-]: RenderCompositorSWGL failed mapping default framebuffer, no dt
console.warn: SearchSettings: "get: No settings file exists, new profile?" (new NotFoundError("Could not open the file at /tmp/rust_mozprofiletnRLP7/search.json.mozlz4", (void 0)))
1630054062798	Marionette	INFO	Listening on port 64285
1630054062872	RemoteAgent	WARN	TLS certificate errors will be ignored for this session
JavaScript warning: https://www.googletagmanager.com/gtm.js?id=GTM-KDVGCQ, line 214: unreachable code after return statement
1630054429352	geckodriver	INFO	Listening on 127.0.0.1:60844
1630054429389	mozrunner::runner	INFO	Running command: "/usr/bin/firefox" "--marionette" "--headless" "-foreground" "-no-remote" "-profile" "/tmp/rust_mozprofile0TQzWa"
*** You are running in headless mode.
[GFX1-]: No GPUs detected via PCI
[GFX1-]: glxtest: process failed (received signal 11)
1630054434709	Marionette	INFO	Marionette enabled
[GFX1-]: RenderCompositorSWGL failed mapping default framebuffer, no dt
console.warn: SearchSettings: "get: No settings file exists, new profile?" (new NotFoundError("Could not open the file at /tmp/rust_mozprofile0TQzWa/search.json.mozlz4", (void 0)))
1630054436461	Marionette	INFO	Listening on port 60849
1630054436502	RemoteAgent	WARN	TLS certificate errors will be ignored for this session
JavaScript warning: https://www.googletagmanager.com/gtm.js?id=GTM-KDVGCQ, line 215: unreachable code after return statement
JavaScript warning: https://www.googletagmanager.com/gtm.js?id=GTM-KDVGCQ, line 215: unreachable code after return statement
console.log: WebExtensions: reset-default-search: starting.
console.log: WebExtensions: reset-default-search: No addons in our list are installed.
1630054676513	geckodriver	INFO	Listening on 127.0.0.1:53405
1630054676566	mozrunner::runner	INFO	Running command: "/usr/bin/firefox" "--marionette" "--headless" "-foreground" "-no-remote" "-profile" "/tmp/rust_mozprofilewzBj7i"
*** You are running in headless mode.
[GFX1-]: No GPUs detected via PCI
[GFX1-]: glxtest: process failed (received signal 11)
1630054679410	Marionette	INFO	Marionette enabled
[GFX1-]: RenderCompositorSWGL failed mapping default framebuffer, no dt
console.warn: SearchSettings: "get: No settings file exists, new profile?" (new NotFoundError("Could not open the file at /tmp/rust_mozprofilewzBj7i/search.json.mozlz4", (void 0)))
1630054686295	Marionette	INFO	Listening on port 53410
1630054686324	RemoteAgent	WARN	TLS certificate errors will be ignored for this session
JavaScript warning: https://www.googletagmanager.com/gtm.js?id=GTM-KDVGCQ, line 214: unreachable code after return statement
1630054818751	geckodriver	INFO	Listening on 127.0.0.1:56121
1630054818768	mozrunner::runner	INFO	Running command: "/usr/bin/firefox" "--marionette" "--headless" "-foreground" "-no-remote" "-profile" "/tmp/rust_mozprofileKILNuw"
*** You are running in headless mode.
[GFX1-]: No GPUs detected via PCI
[GFX1-]: glxtest: process failed (received signal 11)
1630054823719	Marionette	INFO	Marionette enabled
console.log: WebExtensions: reset-default-search: starting.
console.log: WebExtensions: reset-default-search: No addons in our list are installed.
[GFX1-]: RenderCompositorSWGL failed mapping default framebuffer, no dt
console.warn: SearchSettings: "get: No settings file exists, new profile?" (new NotFoundError("Could not open the file at /tmp/rust_mozprofileKILNuw/search.json.mozlz4", (void 0)))
1630054830700	Marionette	INFO	Listening on port 56126
1630054830728	RemoteAgent	WARN	TLS certificate errors will be ignored for this session
JavaScript warning: https://www.googletagmanager.com/gtm.js?id=GTM-KDVGCQ, line 214: unreachable code after return statement
JavaScript warning: https://www.googletagmanager.com/gtm.js?id=GTM-KDVGCQ, line 214: unreachable code after return statement
JavaScript error: https://tools.mandarake.co.jp/tools/js/mdk-other-item-list.js?d=210120, line 49: uncaught exception: XMLHttpRequest status: 0
JavaScript error: https://tools.mandarake.co.jp/reco/aix/assets/js/mdk-reco-aix-v1.2.0.js?d=210821&t=1231, line 53: uncaught exception: Failed to request for recommend.
JavaScript warning: https://www.googletagmanager.com/gtm.js?id=GTM-KDVGCQ, line 214: unreachable code after return statement
JavaScript warning: https://www.googletagmanager.com/gtm.js?id=GTM-KDVGCQ, line 214: unreachable code after return statement
JavaScript warning: https://www.googletagmanager.com/gtm.js?id=GTM-KDVGCQ, line 214: unreachable code after return statement
JavaScript error: https://tools.mandarake.co.jp/tools/js/mdk-other-item-list.js?d=210120, line 49: uncaught exception: XMLHttpRequest status: 0
JavaScript error: https://tools.mandarake.co.jp/reco/aix/assets/js/mdk-reco-aix-v1.2.0.js?d=210821&t=1231, line 53: uncaught exception: Failed to request for recommend.
JavaScript warning: https://www.googletagmanager.com/gtm.js?id=GTM-KDVGCQ, line 214: unreachable code after return statement
JavaScript warning: https://www.googletagmanager.com/gtm.js?id=GTM-KDVGCQ, line 214: unreachable code after return statement
JavaScript warning: https://www.googletagmanager.com/gtm.js?id=GTM-KDVGCQ, line 214: unreachable code after return statement
1630054872997	Marionette	INFO	Stopped listening on port 56126
JavaScript error: resource:///modules/Interactions.jsm, line 209: NS_ERROR_FAILURE: Component returned failure code: 0x80004005 (NS_ERROR_FAILURE) [nsIUserIdleService.removeIdleObserver]
1630054956286	geckodriver	INFO	Listening on 127.0.0.1:50971
1630054956304	mozrunner::runner	INFO	Running command: "/usr/bin/firefox" "--marionette" "--headless" "-foreground" "-no-remote" "-profile" "/tmp/rust_mozprofile2LNiha"
*** You are running in headless mode.
[GFX1-]: No GPUs detected via PCI
[GFX1-]: glxtest: process failed (received signal 11)
1630054962170	Marionette	INFO	Marionette enabled
[GFX1-]: RenderCompositorSWGL failed mapping default framebuffer, no dt
console.warn: SearchSettings: "get: No settings file exists, new profile?" (new NotFoundError("Could not open the file at /tmp/rust_mozprofile2LNiha/search.json.mozlz4", (void 0)))
1630054965491	Marionette	INFO	Listening on port 50976
1630054965525	RemoteAgent	WARN	TLS certificate errors will be ignored for this session
JavaScript warning: https://www.googletagmanager.com/gtm.js?id=GTM-KDVGCQ, line 214: unreachable code after return statement
JavaScript warning: https://www.googletagmanager.com/gtm.js?id=GTM-KDVGCQ, line 214: unreachable code after return statement
1630055055254	geckodriver	INFO	Listening on 127.0.0.1:51147
1630055055310	mozrunner::runner	INFO	Running command: "/usr/bin/firefox" "--marionette" "--headless" "-foreground" "-no-remote" "-profile" "/tmp/rust_mozprofileK5RQVG"
*** You are running in headless mode.
1630055069055	geckodriver	INFO	Listening on 127.0.0.1:51197
1630055069072	mozrunner::runner	INFO	Running command: "/usr/bin/firefox" "--marionette" "--headless" "-foreground" "-no-remote" "-profile" "/tmp/rust_mozprofilebOktba"
*** You are running in headless mode.
console.log: WebExtensions: reset-default-search: starting.
console.log: WebExtensions: reset-default-search: No addons in our list are installed.
[GFX1-]: No GPUs detected via PCI
[GFX1-]: glxtest: process failed (received signal 11)
1630055076967	Marionette	INFO	Marionette enabled
[GFX1-]: RenderCompositorSWGL failed mapping default framebuffer, no dt
console.warn: SearchSettings: "get: No settings file exists, new profile?" (new NotFoundError("Could not open the file at /tmp/rust_mozprofilebOktba/search.json.mozlz4", (void 0)))
1630055078938	Marionette	INFO	Listening on port 51202
1630055079027	RemoteAgent	WARN	TLS certificate errors will be ignored for this session
JavaScript warning: https://www.googletagmanager.com/gtm.js?id=GTM-KDVGCQ, line 214: unreachable code after return statement
JavaScript warning: https://www.googletagmanager.com/gtm.js?id=GTM-KDVGCQ, line 214: unreachable code after return statement
1630055112597	geckodriver	INFO	Listening on 127.0.0.1:51377
1630055112642	mozrunner::runner	INFO	Running command: "/usr/bin/firefox" "--marionette" "--headless" "-foreground" "-no-remote" "-profile" "/tmp/rust_mozprofileAAwa0Z"
*** You are running in headless mode.
[GFX1-]: No GPUs detected via PCI
[GFX1-]: glxtest: process failed (received signal 11)
1630055115118	Marionette	INFO	Marionette enabled
[GFX1-]: RenderCompositorSWGL failed mapping default framebuffer, no dt
console.warn: SearchSettings: "get: No settings file exists, new profile?" (new NotFoundError("Could not open the file at /tmp/rust_mozprofileAAwa0Z/search.json.mozlz4", (void 0)))
1630055117939	Marionette	INFO	Listening on port 51382
1630055117972	RemoteAgent	WARN	TLS certificate errors will be ignored for this session
JavaScript warning: https://www.googletagmanager.com/gtm.js?id=GTM-KDVGCQ, line 214: unreachable code after return statement
1630055179395	geckodriver	INFO	Listening on 127.0.0.1:51523
1630055179445	mozrunner::runner	INFO	Running command: "/usr/bin/firefox" "--marionette" "--headless" "-foreground" "-no-remote" "-profile" "/tmp/rust_mozprofilezekDV4"
*** You are running in headless mode.
[GFX1-]: No GPUs detected via PCI
[GFX1-]: glxtest: process failed (received signal 11)
1630055184373	Marionette	INFO	Marionette enabled
[GFX1-]: RenderCompositorSWGL failed mapping default framebuffer, no dt
console.warn: SearchSettings: "get: No settings file exists, new profile?" (new NotFoundError("Could not open the file at /tmp/rust_mozprofilezekDV4/search.json.mozlz4", (void 0)))
1630055190336	Marionette	INFO	Listening on port 51528
1630055190405	RemoteAgent	WARN	TLS certificate errors will be ignored for this session
JavaScript warning: https://www.googletagmanager.com/gtm.js?id=GTM-KDVGCQ, line 214: unreachable code after return statement
JavaScript warning: https://www.googletagmanager.com/gtm.js?id=GTM-KDVGCQ, line 214: unreachable code after return statement
JavaScript error: https://tools.mandarake.co.jp/reco/aix/assets/js/mdk-reco-aix-v1.2.0.js?d=210821&t=1231, line 53: uncaught exception: Failed to request for recommend.
JavaScript error: https://tools.mandarake.co.jp/tools/js/mdk-other-item-list.js?d=210120, line 49: uncaught exception: XMLHttpRequest status: 0
JavaScript warning: https://www.googletagmanager.com/gtm.js?id=GTM-KDVGCQ, line 214: unreachable code after return statement
JavaScript warning: https://www.googletagmanager.com/gtm.js?id=GTM-KDVGCQ, line 214: unreachable code after return statement
JavaScript error: https://tools.mandarake.co.jp/tools/js/mdk-other-item-list.js?d=210120, line 49: uncaught exception: XMLHttpRequest status: 0
JavaScript error: https://tools.mandarake.co.jp/reco/aix/assets/js/mdk-reco-aix-v1.2.0.js?d=210821&t=1231, line 53: uncaught exception: Failed to request for recommend.
JavaScript warning: https://www.googletagmanager.com/gtm.js?id=GTM-KDVGCQ, line 214: unreachable code after return statement
JavaScript warning: https://www.googletagmanager.com/gtm.js?id=GTM-KDVGCQ, line 214: unreachable code after return statement
JavaScript warning: https://www.googletagmanager.com/gtm.js?id=GTM-KDVGCQ, line 214: unreachable code after return statement
JavaScript warning: https://www.googletagmanager.com/gtm.js?id=GTM-KDVGCQ, line 214: unreachable code after return statement
1630055216090	Marionette	INFO	Stopped listening on port 51528
JavaScript error: resource:///modules/Interactions.jsm, line 209: NS_ERROR_FAILURE: Component returned failure code: 0x80004005 (NS_ERROR_FAILURE) [nsIUserIdleService.removeIdleObserver]

###!!! [Parent][RunMessage] Error: Channel error: cannot send/recv


###!!! [Parent][RunMessage] Error: Channel error: cannot send/recv


###!!! [Parent][RunMessage] Error: Channel error: cannot send/recv


###!!! [Parent][RunMessage] Error: Channel error: cannot send/recv


###!!! [Parent][RunMessage] Error: Channel error: cannot send/recv


###!!! [Parent][RunMessage] Error: Channel error: cannot send/recv


###!!! [Parent][RunMessage] Error: Channel error: cannot send/recv


###!!! [Parent][RunMessage] Error: Channel error: cannot send/recv


###!!! [Parent][RunMessage] Error: Channel error: cannot send/recv


###!!! [Parent][RunMessage] Error: Channel error: cannot send/recv


###!!! [Parent][RunMessage] Error: Channel error: cannot send/recv


###!!! [Parent][RunMessage] Error: Channel error: cannot send/recv


###!!! [Parent][RunMessage] Error: Channel error: cannot send/recv


###!!! [Parent][RunMessage] Error: Channel error: cannot send/recv


###!!! [Parent][RunMessage] Error: Channel error: cannot send/recv


###!!! [Parent][RunMessage] Error: Channel error: cannot send/recv


###!!! [Parent][RunMessage] Error: Channel error: cannot send/recv


###!!! [Parent][RunMessage] Error: Channel error: cannot send/recv


###!!! [Parent][RunMessage] Error: Channel error: cannot send/recv


###!!! [Parent][RunMessage] Error: Channel error: cannot send/recv


###!!! [Parent][RunMessage] Error: Channel error: cannot send/recv


###!!! [Parent][RunMessage] Error: Channel error: cannot send/recv


###!!! [Parent][RunMessage] Error: Channel error: cannot send/recv


###!!! [Parent][RunMessage] Error: Channel error: cannot send/recv


###!!! [Parent][RunMessage] Error: Channel error: cannot send/recv


###!!! [Parent][MessageChannel] Error: (msgtype=0x390076,name=PContent::Msg_DestroyBrowsingContextGroup) Closed channel: cannot send/recv


###!!! [Parent][MessageChannel] Error: (msgtype=0x390076,name=PContent::Msg_DestroyBrowsingContextGroup) Closed channel: cannot send/recv


###!!! [Parent][MessageChannel] Error: (msgtype=0x390076,name=PContent::Msg_DestroyBrowsingContextGroup) Closed channel: cannot send/recv


###!!! [Parent][MessageChannel] Error: (msgtype=0x390076,name=PContent::Msg_DestroyBrowsingContextGroup) Closed channel: cannot send/recv


###!!! [Parent][RunMessage] Error: Channel closing: too late to send/recv, messages will be lost

console.log: WebExtensions: reset-default-search: starting.
console.log: WebExtensions: reset-default-search: No addons in our list are installed.
console.log: WebExtensions: reset-default-search: starting.
console.log: WebExtensions: reset-default-search: No addons in our list are installed.
console.log: WebExtensions: reset-default-search: starting.
console.log: WebExtensions: reset-default-search: No addons in our list are installed.
1630057558021	geckodriver	INFO	Listening on 127.0.0.1:58230
1630057558037	mozrunner::runner	INFO	Running command: "/usr/bin/firefox" "--marionette" "--headless" "-foreground" "-no-remote" "-profile" "/tmp/rust_mozprofileRcgpvX"
*** You are running in headless mode.
[GFX1-]: No GPUs detected via PCI
[GFX1-]: glxtest: process failed (received signal 11)
1630057558802	Marionette	INFO	Marionette enabled
[GFX1-]: RenderCompositorSWGL failed mapping default framebuffer, no dt
console.warn: SearchSettings: "get: No settings file exists, new profile?" (new NotFoundError("Could not open the file at /tmp/rust_mozprofileRcgpvX/search.json.mozlz4", (void 0)))
1630057562958	Marionette	INFO	Listening on port 58235
1630057563031	RemoteAgent	WARN	TLS certificate errors will be ignored for this session
JavaScript warning: https://www.googletagmanager.com/gtm.js?id=GTM-KDVGCQ, line 214: unreachable code after return statement
JavaScript warning: https://www.googletagmanager.com/gtm.js?id=GTM-KDVGCQ, line 214: unreachable code after return statement
JavaScript warning: https://www.googletagmanager.com/gtm.js?id=GTM-KDVGCQ, line 214: unreachable code after return statement
JavaScript warning: https://www.googletagmanager.com/gtm.js?id=GTM-KDVGCQ, line 214: unreachable code after return statement
1630057579512	Marionette	INFO	Stopped listening on port 58235
JavaScript error: resource:///modules/Interactions.jsm, line 209: NS_ERROR_FAILURE: Component returned failure code: 0x80004005 (NS_ERROR_FAILURE) [nsIUserIdleService.removeIdleObserver]

###!!! [Parent][RunMessage] Error: Channel closing: too late to send/recv, messages will be lost

1630057749422	geckodriver	INFO	Listening on 127.0.0.1:58377
1630057749443	mozrunner::runner	INFO	Running command: "/usr/bin/firefox" "--marionette" "--headless" "-foreground" "-no-remote" "-profile" "/tmp/rust_mozprofileKyxBAB"
*** You are running in headless mode.
[GFX1-]: No GPUs detected via PCI
[GFX1-]: glxtest: process failed (received signal 11)
1630057752075	Marionette	INFO	Marionette enabled
[GFX1-]: RenderCompositorSWGL failed mapping default framebuffer, no dt
console.warn: SearchSettings: "get: No settings file exists, new profile?" (new NotFoundError("Could not open the file at /tmp/rust_mozprofileKyxBAB/search.json.mozlz4", (void 0)))
1630057761459	Marionette	INFO	Listening on port 58382
1630057761530	RemoteAgent	WARN	TLS certificate errors will be ignored for this session
JavaScript warning: https://www.googletagmanager.com/gtm.js?id=GTM-KDVGCQ, line 214: unreachable code after return statement
JavaScript warning: https://www.googletagmanager.com/gtm.js?id=GTM-KDVGCQ, line 214: unreachable code after return statement
JavaScript warning: https://www.googletagmanager.com/gtm.js?id=GTM-KDVGCQ, line 214: unreachable code after return statement
JavaScript warning: https://www.googletagmanager.com/gtm.js?id=GTM-KDVGCQ, line 214: unreachable code after return statement
JavaScript warning: https://www.googletagmanager.com/gtm.js?id=GTM-KDVGCQ, line 214: unreachable code after return statement
JavaScript warning: https://www.googletagmanager.com/gtm.js?id=GTM-KDVGCQ, line 214: unreachable code after return statement
JavaScript warning: https://www.googletagmanager.com/gtm.js?id=GTM-KDVGCQ, line 214: unreachable code after return statement
JavaScript warning: https://www.googletagmanager.com/gtm.js?id=GTM-KDVGCQ, line 214: unreachable code after return statement
1630057789167	Marionette	INFO	Stopped listening on port 58382
JavaScript error: resource:///modules/Interactions.jsm, line 209: NS_ERROR_FAILURE: Component returned failure code: 0x80004005 (NS_ERROR_FAILURE) [nsIUserIdleService.removeIdleObserver]

###!!! [Parent][RunMessage] Error: Channel closing: too late to send/recv, messages will be lost

1630073357496	geckodriver	INFO	Listening on 127.0.0.1:51899
1630073358538	mozrunner::runner	INFO	Running command: "/usr/bin/firefox" "--marionette" "--headless" "-foreground" "-no-remote" "-profile" "/tmp/rust_mozprofileKXMkbH"
*** You are running in headless mode.
[GFX1-]: No GPUs detected via PCI
[GFX1-]: glxtest: process failed (received signal 11)
1630073359595	Marionette	INFO	Marionette enabled
[GFX1-]: RenderCompositorSWGL failed mapping default framebuffer, no dt
console.warn: SearchSettings: "get: No settings file exists, new profile?" (new NotFoundError("Could not open the file at /tmp/rust_mozprofileKXMkbH/search.json.mozlz4", (void 0)))
1630073361787	Marionette	INFO	Listening on port 51906
1630073361879	RemoteAgent	WARN	TLS certificate errors will be ignored for this session
JavaScript warning: https://www.googletagmanager.com/gtm.js?id=GTM-KDVGCQ, line 214: unreachable code after return statement
JavaScript warning: https://www.googletagmanager.com/gtm.js?id=GTM-KDVGCQ, line 214: unreachable code after return statement
JavaScript warning: https://www.googletagmanager.com/gtm.js?id=GTM-KDVGCQ, line 214: unreachable code after return statement
JavaScript error: https://tools.mandarake.co.jp/reco/aix/assets/js/mdk-reco-aix-v1.2.0.js?d=210821&t=1231, line 53: uncaught exception: Failed to request for recommend.
JavaScript warning: https://www.googletagmanager.com/gtm.js?id=GTM-KDVGCQ, line 214: unreachable code after return statement
JavaScript warning: https://www.googletagmanager.com/gtm.js?id=GTM-KDVGCQ, line 214: unreachable code after return statement
JavaScript warning: https://www.googletagmanager.com/gtm.js?id=GTM-KDVGCQ, line 214: unreachable code after return statement
JavaScript warning: https://www.googletagmanager.com/gtm.js?id=GTM-KDVGCQ, line 214: unreachable code after return statement
JavaScript error: https://tools.mandarake.co.jp/tools/js/mdk-other-item-list.js?d=210120, line 49: uncaught exception: XMLHttpRequest status: 0
JavaScript warning: https://www.googletagmanager.com/gtm.js?id=GTM-KDVGCQ, line 214: unreachable code after return statement
1630073382122	Marionette	INFO	Stopped listening on port 51906
JavaScript error: resource:///modules/Interactions.jsm, line 209: NS_ERROR_FAILURE: Component returned failure code: 0x80004005 (NS_ERROR_FAILURE) [nsIUserIdleService.removeIdleObserver]
1630073421299	geckodriver	INFO	Listening on 127.0.0.1:52020
1630073421361	mozrunner::runner	INFO	Running command: "/usr/bin/firefox" "--marionette" "--headless" "-foreground" "-no-remote" "-profile" "/tmp/rust_mozprofile4VOFOh"
*** You are running in headless mode.
[GFX1-]: No GPUs detected via PCI
[GFX1-]: glxtest: process failed (received signal 11)
1630073422323	Marionette	INFO	Marionette enabled
[GFX1-]: RenderCompositorSWGL failed mapping default framebuffer, no dt
console.warn: SearchSettings: "get: No settings file exists, new profile?" (new NotFoundError("Could not open the file at /tmp/rust_mozprofile4VOFOh/search.json.mozlz4", (void 0)))
1630073424570	Marionette	INFO	Listening on port 52025
1630073424697	RemoteAgent	WARN	TLS certificate errors will be ignored for this session
JavaScript warning: https://www.googletagmanager.com/gtm.js?id=GTM-KDVGCQ, line 214: unreachable code after return statement
JavaScript error: https://tools.mandarake.co.jp/reco/aix/assets/js/mdk-reco-aix-v1.2.0.js?d=210821&t=1231, line 53: uncaught exception: Failed to request for recommend.
JavaScript error: https://tools.mandarake.co.jp/tools/js/mdk-other-item-list.js?d=210120, line 49: uncaught exception: XMLHttpRequest status: 0
JavaScript warning: https://www.googletagmanager.com/gtm.js?id=GTM-KDVGCQ, line 214: unreachable code after return statement
JavaScript error: https://tools.mandarake.co.jp/tools/js/mdk-other-item-list.js?d=210120, line 49: uncaught exception: XMLHttpRequest status: 0
JavaScript error: https://tools.mandarake.co.jp/reco/aix/assets/js/mdk-reco-aix-v1.2.0.js?d=210821&t=1231, line 53: uncaught exception: Failed to request for recommend.
JavaScript warning: https://www.googletagmanager.com/gtm.js?id=GTM-KDVGCQ, line 214: unreachable code after return statement
JavaScript warning: https://www.googletagmanager.com/gtm.js?id=GTM-KDVGCQ, line 214: unreachable code after return statement
JavaScript warning: https://www.googletagmanager.com/gtm.js?id=GTM-KDVGCQ, line 214: unreachable code after return statement
JavaScript warning: https://www.googletagmanager.com/gtm.js?id=GTM-KDVGCQ, line 214: unreachable code after return statement
1630073432812	Marionette	INFO	Stopped listening on port 52025
JavaScript error: resource:///modules/Interactions.jsm, line 209: NS_ERROR_FAILURE: Component returned failure code: 0x80004005 (NS_ERROR_FAILURE) [nsIUserIdleService.removeIdleObserver]

###!!! [Parent][RunMessage] Error: Channel closing: too late to send/recv, messages will be lost

1630073652231	geckodriver	INFO	Listening on 127.0.0.1:54907
1630073652312	mozrunner::runner	INFO	Running command: "/usr/bin/firefox" "--marionette" "--headless" "-foreground" "-no-remote" "-profile" "/tmp/rust_mozprofile6oqf0z"
*** You are running in headless mode.
[GFX1-]: No GPUs detected via PCI
[GFX1-]: glxtest: process failed (received signal 11)
1630073653283	Marionette	INFO	Marionette enabled
[GFX1-]: RenderCompositorSWGL failed mapping default framebuffer, no dt
console.warn: SearchSettings: "get: No settings file exists, new profile?" (new NotFoundError("Could not open the file at /tmp/rust_mozprofile6oqf0z/search.json.mozlz4", (void 0)))
1630073655481	Marionette	INFO	Listening on port 54912
1630073655554	RemoteAgent	WARN	TLS certificate errors will be ignored for this session
JavaScript warning: https://www.googletagmanager.com/gtm.js?id=GTM-KDVGCQ, line 214: unreachable code after return statement
1630073657977	Marionette	INFO	Stopped listening on port 54912
JavaScript error: resource:///modules/Interactions.jsm, line 209: NS_ERROR_FAILURE: Component returned failure code: 0x80004005 (NS_ERROR_FAILURE) [nsIUserIdleService.removeIdleObserver]

###!!! [Parent][RunMessage] Error: Channel closing: too late to send/recv, messages will be lost

1630074299026	geckodriver	INFO	Listening on 127.0.0.1:62602
1630074299044	mozrunner::runner	INFO	Running command: "/usr/bin/firefox" "--marionette" "--headless" "-foreground" "-no-remote" "-profile" "/tmp/rust_mozprofileVddS76"
*** You are running in headless mode.
[GFX1-]: No GPUs detected via PCI
[GFX1-]: glxtest: process failed (received signal 11)
1630074299965	Marionette	INFO	Marionette enabled
[GFX1-]: RenderCompositorSWGL failed mapping default framebuffer, no dt
console.warn: SearchSettings: "get: No settings file exists, new profile?" (new NotFoundError("Could not open the file at /tmp/rust_mozprofileVddS76/search.json.mozlz4", (void 0)))
1630074302080	Marionette	INFO	Listening on port 62607
1630074302178	RemoteAgent	WARN	TLS certificate errors will be ignored for this session
JavaScript warning: https://www.googletagmanager.com/gtm.js?id=GTM-KDVGCQ, line 214: unreachable code after return statement
JavaScript warning: https://www.googletagmanager.com/gtm.js?id=GTM-KDVGCQ, line 214: unreachable code after return statement
JavaScript error: https://tools.mandarake.co.jp/tools/js/mdk-other-item-list.js?d=210120, line 49: uncaught exception: XMLHttpRequest status: 0
JavaScript error: https://tools.mandarake.co.jp/reco/aix/assets/js/mdk-reco-aix-v1.2.0.js?d=210821&t=1231, line 53: uncaught exception: Failed to request for recommend.
JavaScript warning: https://www.googletagmanager.com/gtm.js?id=GTM-KDVGCQ, line 214: unreachable code after return statement
JavaScript warning: https://www.googletagmanager.com/gtm.js?id=GTM-KDVGCQ, line 214: unreachable code after return statement
JavaScript warning: https://www.googletagmanager.com/gtm.js?id=GTM-KDVGCQ, line 214: unreachable code after return statement
JavaScript warning: https://www.googletagmanager.com/gtm.js?id=GTM-KDVGCQ, line 214: unreachable code after return statement
JavaScript warning: https://www.googletagmanager.com/gtm.js?id=GTM-KDVGCQ, line 214: unreachable code after return statement
JavaScript warning: https://www.googletagmanager.com/gtm.js?id=GTM-KDVGCQ, line 214: unreachable code after return statement
JavaScript error: https://tools.mandarake.co.jp/reco/aix/assets/js/mdk-reco-aix-v1.2.0.js?d=210821&t=1231, line 53: uncaught exception: Failed to request for recommend.
JavaScript error: https://tools.mandarake.co.jp/reco/aix/assets/js/mdk-reco-aix-v1.2.0.js?d=210821&t=1231, line 53: uncaught exception: Failed to request for recommend.
1630074327349	Marionette	INFO	Stopped listening on port 62607
JavaScript error: resource:///modules/Interactions.jsm, line 209: NS_ERROR_FAILURE: Component returned failure code: 0x80004005 (NS_ERROR_FAILURE) [nsIUserIdleService.removeIdleObserver]

###!!! [Parent][RunMessage] Error: Channel closing: too late to send/recv, messages will be lost

